<?xml version="1.0" encoding="UTF-8"?>
<!-- Generated by org.testng.reporters.JUnitReportReporter -->
<testsuite hostname="Dmytros-MacBook-Air.local" failures="0" tests="1" name="tests.TestPlaceTheOrderAlreadyExists" time="3.470" errors="0" timestamp="2025-03-12T21:32:45 EET" skipped="0">
  <testcase classname="tests.TestPlaceTheOrderAlreadyExists" name="testPlaceTheOrderWhichAlreadyExists" time="3.470"/>
  <system-out/>
</testsuite> <!-- tests.TestPlaceTheOrderAlreadyExists -->
