<?xml version="1.0" encoding="UTF-8"?>
<!-- Generated by org.testng.reporters.JUnitReportReporter -->
<testsuite hostname="Dmytros-MacBook-Air.local" failures="0" tests="1" name="tests.TestDeleteNotPurchaseOrder" time="0.685" errors="0" timestamp="2025-03-12T21:32:45 EET" skipped="0">
  <testcase classname="tests.TestDeleteNotPurchaseOrder" name="testDeleteNotPurchasedOrderById" time="0.685"/>
  <system-out/>
</testsuite> <!-- tests.TestDeleteNotPurchaseOrder -->
